[1127/115039.245:INFO:CONSOLE(0)] "Error with Permissions-Policy header: Feature xr-spatial-tracking's parameters are ignored.", source:  (0)
[1127/115039.245:INFO:CONSOLE(0)] "Error with Permissions-Policy header: Origin trial controlled feature not enabled: 'attribution-reporting'.", source:  (0)
[1127/115039.245:INFO:CONSOLE(0)] "Error with Permissions-Policy header: Unrecognized feature: 'compute-pressure'.", source:  (0)
[1127/115039.245:INFO:CONSOLE(0)] "Error with Permissions-Policy header: Origin trial controlled feature not enabled: 'interest-cohort'.", source:  (0)
[1127/115039.245:INFO:CONSOLE(0)] "Error with Permissions-Policy header: Unrecognized feature: 'private-state-token-issuance'.", source:  (0)
[1127/115039.247:INFO:CONSOLE(0)] "Error with Permissions-Policy header: Origin trial controlled feature not enabled: 'shared-storage'.", source:  (0)
[1127/115039.247:INFO:CONSOLE(0)] "Error with Permissions-Policy header: Unrecognized feature: 'shared-storage-select-url'.", source:  (0)
[1127/115039.247:INFO:CONSOLE(0)] "Error with Permissions-Policy header: Unrecognized feature: 'private-state-token-redemption'.", source:  (0)
[1127/115039.247:INFO:CONSOLE(0)] "Error with Permissions-Policy header: Unrecognized feature: 'unload'.", source:  (0)
[1127/115039.247:INFO:CONSOLE(0)] "Error with Permissions-Policy header: Unrecognized feature: 'window-management'.", source:  (0)
[1127/115039.252:INFO:CONSOLE(154)] "Event handler of 'x-storagemutated-1' event must be added on the initial evaluation of worker script.", source: https://static.whatsapp.net/rsrc.php/v3/yS/r/F0qgMUKT93V.js (154)
[1127/115154.200:INFO:CONSOLE(154)] "Event handler of 'x-storagemutated-1' event must be added on the initial evaluation of worker script.", source: https://static.whatsapp.net/rsrc.php/v3/yS/r/F0qgMUKT93V.js (154)
[1127/115157.859:INFO:CONSOLE(71)] "ErrorUtils caught an error:

Converting to a string will drop content data. Hash="undefined" Translation="Você removeu {names}" Content="{"key":null,"ref":null,"props":{"contact":{"id":"558695984921@c.us","name":"CA Bruno Fontinele","shortName":"CA Bruno","pushname":"Bruno Fontinele","type":"in","isContactSyncCompleted":0,"textStatusLastUpdateTime":-1,"syncToAddressbook":true},"showNo" (type=object,Object)

Subsequent non-fatal errors won't be logged; see https://fburl.com/debugjs.", source: https://static.whatsapp.net/rsrc.php/v3/yZ/r/5H5xdr1IChM.js (71)
[1127/115408.564:INFO:CONSOLE(154)] "Event handler of 'x-storagemutated-1' event must be added on the initial evaluation of worker script.", source: https://static.whatsapp.net/rsrc.php/v3/yS/r/F0qgMUKT93V.js (154)
[1127/115459.066:INFO:CONSOLE(154)] "Event handler of 'x-storagemutated-1' event must be added on the initial evaluation of worker script.", source: https://static.whatsapp.net/rsrc.php/v3/yS/r/F0qgMUKT93V.js (154)
[1127/115550.291:INFO:CONSOLE(154)] "Event handler of 'x-storagemutated-1' event must be added on the initial evaluation of worker script.", source: https://static.whatsapp.net/rsrc.php/v3/yS/r/F0qgMUKT93V.js (154)
[1127/115655.528:INFO:CONSOLE(326)] "Failed to parse video contentType: video/mp4; codecs=avc1.42000a", source: https://static.whatsapp.net/rsrc.php/v3iHCc4/yd/l/rt/EOwnWzBMoJv.js (326)
[1127/115655.528:INFO:CONSOLE(326)] "Failed to parse video contentType: video/mp4; codecs=hev1.1.6.L93.B0", source: https://static.whatsapp.net/rsrc.php/v3iHCc4/yd/l/rt/EOwnWzBMoJv.js (326)
[1127/115704.732:INFO:CONSOLE(154)] "Event handler of 'x-storagemutated-1' event must be added on the initial evaluation of worker script.", source: https://static.whatsapp.net/rsrc.php/v3/yS/r/F0qgMUKT93V.js (154)
[1127/115736.877:INFO:CONSOLE(154)] "Event handler of 'x-storagemutated-1' event must be added on the initial evaluation of worker script.", source: https://static.whatsapp.net/rsrc.php/v3/yS/r/F0qgMUKT93V.js (154)
[1127/115905.050:INFO:CONSOLE(154)] "Event handler of 'x-storagemutated-1' event must be added on the initial evaluation of worker script.", source: https://static.whatsapp.net/rsrc.php/v3/yS/r/F0qgMUKT93V.js (154)
[1127/120046.040:INFO:CONSOLE(154)] "Event handler of 'x-storagemutated-1' event must be added on the initial evaluation of worker script.", source: https://static.whatsapp.net/rsrc.php/v3/yS/r/F0qgMUKT93V.js (154)
[1127/120544.177:INFO:CONSOLE(0)] "Error with Permissions-Policy header: Feature xr-spatial-tracking's parameters are ignored.", source:  (0)
[1127/120544.178:INFO:CONSOLE(0)] "Error with Permissions-Policy header: Origin trial controlled feature not enabled: 'attribution-reporting'.", source:  (0)
[1127/120544.178:INFO:CONSOLE(0)] "Error with Permissions-Policy header: Unrecognized feature: 'compute-pressure'.", source:  (0)
[1127/120544.178:INFO:CONSOLE(0)] "Error with Permissions-Policy header: Origin trial controlled feature not enabled: 'interest-cohort'.", source:  (0)
[1127/120544.178:INFO:CONSOLE(0)] "Error with Permissions-Policy header: Unrecognized feature: 'private-state-token-issuance'.", source:  (0)
[1127/120544.178:INFO:CONSOLE(0)] "Error with Permissions-Policy header: Origin trial controlled feature not enabled: 'shared-storage'.", source:  (0)
[1127/120544.178:INFO:CONSOLE(0)] "Error with Permissions-Policy header: Unrecognized feature: 'shared-storage-select-url'.", source:  (0)
[1127/120544.178:INFO:CONSOLE(0)] "Error with Permissions-Policy header: Unrecognized feature: 'private-state-token-redemption'.", source:  (0)
[1127/120544.178:INFO:CONSOLE(0)] "Error with Permissions-Policy header: Unrecognized feature: 'unload'.", source:  (0)
[1127/120544.178:INFO:CONSOLE(0)] "Error with Permissions-Policy header: Unrecognized feature: 'window-management'.", source:  (0)
